<?xml version="1.0" encoding="UTF-8"?>
<!-- Generated by org.testng.reporters.JUnitXMLReporter -->
<testsuite hostname="DESKTOP-5BDCR5P" ignored="0" name="xyz-bank" tests="5" failures="0" timestamp="2022-12-09T12:01:31 GMT" time="63.213" errors="0">
  <testcase name="bankManagerShouldAddCustomerSuccessfully" time="1.885" classname="com.bank.testsuite.BankTest"/>
  <testcase name="bankManagerShouldOpenAccountSuccessfully" time="6.922" classname="com.bank.testsuite.BankTest"/>
  <testcase name="customerShouldDepositMoneySuccessfully" time="2.831" classname="com.bank.testsuite.BankTest"/>
  <testcase name="customerShouldLoginAndLogoutSuceessfully" time="2.504" classname="com.bank.testsuite.BankTest"/>
  <testcase name="customerShouldWithdrawMoneySuccessfully" time="1.977" classname="com.bank.testsuite.BankTest"/>
</testsuite> <!-- xyz-bank -->
